<?xml version="1.0" encoding="UTF-8"?>
<!-- Generated by org.testng.reporters.JUnitReportReporter -->
<testsuite hostname="Sri" failures="0" tests="1" name="recipesTests.Recipescrapper" time="138.399" errors="0" timestamp="2025-05-07T21:26:50 EDT" skipped="0">
  <testcase classname="recipesTests.Recipescrapper" name="scrapeAndStoreRecipe_single" time="138.399"/>
</testsuite> <!-- recipesTests.Recipescrapper -->
